<?xml version="1.0" encoding="UTF-8"?>
<testng-results skipped="0" failed="0" total="2" passed="2">
  <reporter-output>
  </reporter-output>
  <suite name="TestGrid" duration-ms="7767" started-at="2018-02-28T12:31:04Z" finished-at="2018-02-28T12:31:12Z">
    <groups>
    </groups>
    <test name="Test" duration-ms="7537" started-at="2018-02-28T12:31:04Z" finished-at="2018-02-28T12:31:11Z">
      <class name="seleniumgrid.TestGrid">
        <test-method status="PASS" signature="f()[pri:0, instance:seleniumgrid.TestGrid@7085bdee]" name="f" duration-ms="7525" started-at="2018-02-28T18:01:04Z" finished-at="2018-02-28T18:01:11Z">
          <reporter-output>
          </reporter-output>
        </test-method> <!-- f -->
      </class> <!-- seleniumgrid.TestGrid -->
    </test> <!-- Test -->
    <test name="Test1" duration-ms="7767" started-at="2018-02-28T12:31:04Z" finished-at="2018-02-28T12:31:12Z">
      <class name="seleniumgrid.node1">
        <test-method status="PASS" signature="f()[pri:0, instance:seleniumgrid.node1@31dc339b]" name="f" duration-ms="7748" started-at="2018-02-28T18:01:04Z" finished-at="2018-02-28T18:01:12Z">
          <reporter-output>
          </reporter-output>
        </test-method> <!-- f -->
      </class> <!-- seleniumgrid.node1 -->
    </test> <!-- Test1 -->
  </suite> <!-- TestGrid -->
</testng-results>
